<?xml version="1.0" encoding="UTF-8"?>
<testng-results ignored="0" total="2" passed="2" failed="0" skipped="0">
  <reporter-output>
    <line>
      <![CDATA[clicked on product link]]>
    </line>
    <line>
      <![CDATA[clicked on create product]]>
    </line>
    <line>
      <![CDATA[product name entered]]>
    </line>
    <line>
      <![CDATA[vendor name to be selected]]>
    </line>
    <line>
      <![CDATA[switched to child browser]]>
    </line>
    <line>
      <![CDATA[vendor name selected]]>
    </line>
    <line>
      <![CDATA[switched to parent browser]]>
    </line>
    <line>
      <![CDATA[clicked on product link]]>
    </line>
    <line>
      <![CDATA[cliked on save button]]>
    </line>
    <line>
      <![CDATA[product created successully]]>
    </line>
    <line>
      <![CDATA[clicked on create product]]>
    </line>
    <line>
      <![CDATA[clicked on product link]]>
    </line>
    <line>
      <![CDATA[product name entered]]>
    </line>
    <line>
      <![CDATA[vendor name to be selected]]>
    </line>
    <line>
      <![CDATA[switched to child browser]]>
    </line>
    <line>
      <![CDATA[vendor name selected]]>
    </line>
    <line>
      <![CDATA[switched to parent browser]]>
    </line>
    <line>
      <![CDATA[cliked on save button]]>
    </line>
    <line>
      <![CDATA[product created successully]]>
    </line>
    <line>
      <![CDATA[clicked on product link]]>
    </line>
  </reporter-output>
  <suite started-at="2020-06-04T13:55:07Z" name="Suite" finished-at="2020-06-04T13:56:09Z" duration-ms="62244">
    <groups>
    </groups>
    <test started-at="2020-06-04T13:55:07Z" name="TestRunner1" finished-at="2020-06-04T13:55:59Z" duration-ms="51903">
      <class name="com.vTiger.testScripts.CreateProductsTest">
        <test-method is-config="true" signature="configBC(java.lang.String)[pri:0, instance:com.vTiger.testScripts.CreateProductsTest@31d7b7bf]" started-at="2020-06-04T13:55:07Z" name="configBC" finished-at="2020-06-04T13:55:17Z" duration-ms="10563" status="PASS">
          <params>
            <param index="0">
              <value>
                <![CDATA[chrome]]>
              </value>
            </param>
          </params>
          <reporter-output>
          </reporter-output>
        </test-method> <!-- configBC -->
        <test-method is-config="true" signature="configBM()[pri:0, instance:com.vTiger.testScripts.CreateProductsTest@31d7b7bf]" started-at="2020-06-04T13:55:17Z" name="configBM" finished-at="2020-06-04T13:55:24Z" duration-ms="6442" status="PASS">
          <reporter-output>
          </reporter-output>
        </test-method> <!-- configBM -->
        <test-method signature="createProductTest()[pri:0, instance:com.vTiger.testScripts.CreateProductsTest@31d7b7bf]" started-at="2020-06-04T13:55:24Z" name="createProductTest" finished-at="2020-06-04T13:55:54Z" duration-ms="30071" status="PASS">
          <reporter-output>
            <line>
              <![CDATA[clicked on product link]]>
            </line>
            <line>
              <![CDATA[clicked on create product]]>
            </line>
            <line>
              <![CDATA[product name entered]]>
            </line>
            <line>
              <![CDATA[vendor name to be selected]]>
            </line>
            <line>
              <![CDATA[switched to child browser]]>
            </line>
            <line>
              <![CDATA[vendor name selected]]>
            </line>
            <line>
              <![CDATA[switched to parent browser]]>
            </line>
            <line>
              <![CDATA[cliked on save button]]>
            </line>
            <line>
              <![CDATA[product created successully]]>
            </line>
            <line>
              <![CDATA[clicked on product link]]>
            </line>
          </reporter-output>
        </test-method> <!-- createProductTest -->
        <test-method is-config="true" signature="configAM()[pri:0, instance:com.vTiger.testScripts.CreateProductsTest@31d7b7bf]" started-at="2020-06-04T13:55:54Z" name="configAM" finished-at="2020-06-04T13:55:58Z" duration-ms="3668" status="PASS">
          <reporter-output>
          </reporter-output>
        </test-method> <!-- configAM -->
        <test-method is-config="true" signature="configAC()[pri:0, instance:com.vTiger.testScripts.CreateProductsTest@31d7b7bf]" started-at="2020-06-04T13:55:58Z" name="configAC" finished-at="2020-06-04T13:55:59Z" duration-ms="1135" status="PASS">
          <reporter-output>
          </reporter-output>
        </test-method> <!-- configAC -->
      </class> <!-- com.vTiger.testScripts.CreateProductsTest -->
    </test> <!-- TestRunner1 -->
    <test started-at="2020-06-04T13:55:07Z" name="TestRunner2" finished-at="2020-06-04T13:56:09Z" duration-ms="62244">
      <class name="com.vTiger.testScripts.CreateProductsTest">
        <test-method is-config="true" signature="configBC(java.lang.String)[pri:0, instance:com.vTiger.testScripts.CreateProductsTest@5119fb47]" started-at="2020-06-04T13:55:07Z" name="configBC" finished-at="2020-06-04T13:55:39Z" duration-ms="32534" status="PASS">
          <params>
            <param index="0">
              <value>
                <![CDATA[Firefox]]>
              </value>
            </param>
          </params>
          <reporter-output>
          </reporter-output>
        </test-method> <!-- configBC -->
        <test-method is-config="true" signature="configBM()[pri:0, instance:com.vTiger.testScripts.CreateProductsTest@5119fb47]" started-at="2020-06-04T13:55:39Z" name="configBM" finished-at="2020-06-04T13:55:40Z" duration-ms="629" status="PASS">
          <reporter-output>
          </reporter-output>
        </test-method> <!-- configBM -->
        <test-method signature="createProductTest()[pri:0, instance:com.vTiger.testScripts.CreateProductsTest@5119fb47]" started-at="2020-06-04T13:55:40Z" name="createProductTest" finished-at="2020-06-04T13:56:05Z" duration-ms="24793" status="PASS">
          <reporter-output>
            <line>
              <![CDATA[clicked on product link]]>
            </line>
            <line>
              <![CDATA[clicked on create product]]>
            </line>
            <line>
              <![CDATA[product name entered]]>
            </line>
            <line>
              <![CDATA[vendor name to be selected]]>
            </line>
            <line>
              <![CDATA[switched to child browser]]>
            </line>
            <line>
              <![CDATA[vendor name selected]]>
            </line>
            <line>
              <![CDATA[switched to parent browser]]>
            </line>
            <line>
              <![CDATA[cliked on save button]]>
            </line>
            <line>
              <![CDATA[product created successully]]>
            </line>
            <line>
              <![CDATA[clicked on product link]]>
            </line>
          </reporter-output>
        </test-method> <!-- createProductTest -->
        <test-method is-config="true" signature="configAM()[pri:0, instance:com.vTiger.testScripts.CreateProductsTest@5119fb47]" started-at="2020-06-04T13:56:05Z" name="configAM" finished-at="2020-06-04T13:56:06Z" duration-ms="1475" status="PASS">
          <reporter-output>
          </reporter-output>
        </test-method> <!-- configAM -->
        <test-method is-config="true" signature="configAC()[pri:0, instance:com.vTiger.testScripts.CreateProductsTest@5119fb47]" started-at="2020-06-04T13:56:06Z" name="configAC" finished-at="2020-06-04T13:56:09Z" duration-ms="2791" status="PASS">
          <reporter-output>
          </reporter-output>
        </test-method> <!-- configAC -->
      </class> <!-- com.vTiger.testScripts.CreateProductsTest -->
    </test> <!-- TestRunner2 -->
  </suite> <!-- Suite -->
</testng-results>
